Arguments: 
  C:\Program Files\nodejs\node.exe C:\Users\Mart\AppData\Roaming\npm\node_modules\yarn\bin\yarn.js dev

PATH: 
  C:\ProgramData\Oracle\Java\javapath;C:\Program Files (x86)\Intel\iCLS Client\;C:\Program Files\Intel\iCLS Client\;C:\Windows\system32;C:\Windows;C:\Windows\System32\Wbem;C:\Windows\System32\WindowsPowerShell\v1.0\;C:\Program Files (x86)\Intel\Intel(R) Management Engine Components\DAL;C:\Program Files\Intel\Intel(R) Management Engine Components\DAL;C:\Program Files (x86)\Intel\Intel(R) Management Engine Components\IPT;C:\Program Files\Intel\Intel(R) Management Engine Components\IPT;C:\Program Files (x86)\NVIDIA Corporation\PhysX\Common;C:\WINDOWS\system32;C:\WINDOWS;C:\WINDOWS\System32\Wbem;C:\WINDOWS\System32\WindowsPowerShell\v1.0\;C:\Program Files\Git\cmd;C:\Program Files\Git\mingw64\bin;C:\Program Files\Git\usr\bin;C:\ProgramData\chocolatey\bin;C:\Program Files\nodejs\;C:\xampp\php;C:\ProgramData\ComposerSetup\bin;C:\Program Files\Java\jdk1.8.0_171\bin;;C:\WINDOWS\System32\OpenSSH\;C:\Go\bin;C:\Users\Mart\AppData\Local\Programs\Python\Python36-32\Scripts\;C:\Users\Mart\AppData\Local\Programs\Python\Python36-32\;C:\Users\Mart\AppData\Local\Microsoft\WindowsApps;C:\Program Files\Microsoft VS Code\bin;C:\Users\Mart\AppData\Roaming\npm;C:\Users\Mart\AppData\Roaming\Composer\vendor\bin;C:\Program Files (x86)\Graphviz2.38\bin;C:\Users\Public\Everything\Mohara\GoLang\microService\part1\bin;C:\Program Files\MongoDB\Server\4.0\bin;C:\Users\Public\Everything\Mohara\GoLang\microService\protoc-3.6.0-win32\bin;C:\Users\Public\Everything\Mohara\GoLang\microService\firstMicroservice\bin;

Yarn version: 
  1.5.1

Node version: 
  8.10.0

Platform: 
  win32 x64

npm manifest: 
  {
    "name": "firstmern",
    "version": "1.0.0",
    "description": "Shopping List built with MERN stack",
    "main": "server.js",
    "scripts": {
      "client-install":"npm install --prefix  client",
      "start": "node server.js",
      "server":"nodemon server.js",
      "client":"npm start --prefix client",
      "dev":"concurrently \"npm run server\" \"npm run client\""
  
    },
    "author": "MartMong",
    "license": "ISC",
    "dependencies": {
      "body-parser": "^1.18.3",
      "concurrently": "^3.6.1",
      "express": "^4.16.3",
      "mongoose": "^5.2.5"
    },
    "devDependencies": {
      "nodemon": "^1.18.3"
    }
  }

yarn manifest: 
  No manifest

Lockfile: 
  No lockfile

Trace: 
  Error: Command failed.
  Exit code: 3221225786
  Command: C:\WINDOWS\system32\cmd.exe
  Arguments: /d /s /c concurrently "npm run server" "npm run client"
  Directory: C:\Users\Public\Everything\Study\webDev\express\firstMern
  Output:
  
      at ProcessTermError.MessageError (C:\Users\Mart\AppData\Roaming\npm\node_modules\yarn\lib\cli.js:186:110)
      at new ProcessTermError (C:\Users\Mart\AppData\Roaming\npm\node_modules\yarn\lib\cli.js:226:113)
      at ChildProcess.<anonymous> (C:\Users\Mart\AppData\Roaming\npm\node_modules\yarn\lib\cli.js:30281:17)
      at emitTwo (events.js:126:13)
      at ChildProcess.emit (events.js:214:7)
      at maybeClose (internal/child_process.js:925:16)
      at Process.ChildProcess._handle.onexit (internal/child_process.js:209:5)
